TN:
SF:src\app.js
FN:8,(anonymous_0)
FN:13,(anonymous_1)
FN:17,(anonymous_2)
FN:28,(anonymous_3)
FN:35,(anonymous_4)
FNF:5
FNH:3
FNDA:1,(anonymous_0)
FNDA:1,(anonymous_1)
FNDA:3,(anonymous_2)
FNDA:0,(anonymous_3)
FNDA:0,(anonymous_4)
DA:1,1
DA:2,1
DA:3,1
DA:5,1
DA:8,1
DA:9,1
DA:13,1
DA:14,1
DA:17,1
DA:18,3
DA:20,3
DA:21,2
DA:24,1
DA:28,1
DA:29,0
DA:30,0
DA:34,1
DA:35,0
DA:36,0
DA:40,1
LF:20
LH:16
BRDA:3,0,0,1
BRDA:3,0,1,1
BRDA:20,1,0,2
BRDA:20,1,1,1
BRDA:20,2,0,3
BRDA:20,2,1,2
BRDA:34,3,0,0
BRDA:34,3,1,1
BRF:8
BRH:7
end_of_record
